2025-10-23 16:56:01.827 +02:00 [INF] Acquiring an exclusive lock for migration application. See https://aka.ms/efcore-docs-migrations-lock for more information if this takes too long.
2025-10-23 16:56:01.861 +02:00 [INF] Executed DbCommand (8ms) [Parameters=[], CommandType='"Text"', CommandTimeout='30']
SELECT GET_LOCK('__MovieAPI_EFMigrationsLock', 259200)
2025-10-23 16:56:01.903 +02:00 [INF] Executed DbCommand (2ms) [Parameters=[], CommandType='"Text"', CommandTimeout='30']
CREATE TABLE IF NOT EXISTS `__EFMigrationsHistory` (
    `MigrationId` varchar(150) CHARACTER SET utf8mb4 NOT NULL,
    `ProductVersion` varchar(32) CHARACTER SET utf8mb4 NOT NULL,
    CONSTRAINT `PK___EFMigrationsHistory` PRIMARY KEY (`MigrationId`)
) CHARACTER SET=utf8mb4;
2025-10-23 16:56:01.920 +02:00 [INF] Executed DbCommand (6ms) [Parameters=[], CommandType='"Text"', CommandTimeout='30']
SELECT 1 FROM INFORMATION_SCHEMA.TABLES WHERE TABLE_SCHEMA='MovieAPI' AND TABLE_NAME='__EFMigrationsHistory';
2025-10-23 16:56:01.926 +02:00 [INF] Executed DbCommand (4ms) [Parameters=[], CommandType='"Text"', CommandTimeout='30']
SELECT `MigrationId`, `ProductVersion`
FROM `__EFMigrationsHistory`
ORDER BY `MigrationId`;
2025-10-23 16:56:01.932 +02:00 [INF] Applying migration '20251023145555_MovieAndSeatingAndAuditoriumIdempotency'.
2025-10-23 16:56:01.945 +02:00 [INF] Executed DbCommand (1ms) [Parameters=[], CommandType='"Text"', CommandTimeout='30']
ALTER DATABASE CHARACTER SET utf8mb4;
2025-10-23 16:56:01.948 +02:00 [ERR] Failed executing DbCommand (1ms) [Parameters=[], CommandType='"Text"', CommandTimeout='30']
CREATE TABLE `Auditoriums` (
    `Id` int NOT NULL AUTO_INCREMENT,
    `AuditoriumName` varchar(100) CHARACTER SET utf8mb4 NOT NULL,
    CONSTRAINT `PK_Auditoriums` PRIMARY KEY (`Id`)
) CHARACTER SET=utf8mb4;
2025-10-23 16:59:22.784 +02:00 [INF] Executed DbCommand (3ms) [Parameters=[], CommandType='"Text"', CommandTimeout='30']
SELECT 1 FROM INFORMATION_SCHEMA.TABLES WHERE TABLE_SCHEMA='MovieAPI' AND TABLE_NAME='__EFMigrationsHistory';
2025-10-23 16:59:22.813 +02:00 [INF] Executed DbCommand (1ms) [Parameters=[], CommandType='"Text"', CommandTimeout='30']
SELECT `MigrationId`, `ProductVersion`
FROM `__EFMigrationsHistory`
ORDER BY `MigrationId`;
2025-10-23 16:59:35.286 +02:00 [INF] Acquiring an exclusive lock for migration application. See https://aka.ms/efcore-docs-migrations-lock for more information if this takes too long.
2025-10-23 16:59:35.311 +02:00 [INF] Executed DbCommand (2ms) [Parameters=[], CommandType='"Text"', CommandTimeout='30']
SELECT GET_LOCK('__MovieAPI_EFMigrationsLock', 259200)
2025-10-23 16:59:35.350 +02:00 [INF] Executed DbCommand (0ms) [Parameters=[], CommandType='"Text"', CommandTimeout='30']
CREATE TABLE IF NOT EXISTS `__EFMigrationsHistory` (
    `MigrationId` varchar(150) CHARACTER SET utf8mb4 NOT NULL,
    `ProductVersion` varchar(32) CHARACTER SET utf8mb4 NOT NULL,
    CONSTRAINT `PK___EFMigrationsHistory` PRIMARY KEY (`MigrationId`)
) CHARACTER SET=utf8mb4;
2025-10-23 16:59:35.362 +02:00 [INF] Executed DbCommand (1ms) [Parameters=[], CommandType='"Text"', CommandTimeout='30']
SELECT 1 FROM INFORMATION_SCHEMA.TABLES WHERE TABLE_SCHEMA='MovieAPI' AND TABLE_NAME='__EFMigrationsHistory';
2025-10-23 16:59:35.365 +02:00 [INF] Executed DbCommand (1ms) [Parameters=[], CommandType='"Text"', CommandTimeout='30']
SELECT `MigrationId`, `ProductVersion`
FROM `__EFMigrationsHistory`
ORDER BY `MigrationId`;
2025-10-23 16:59:35.371 +02:00 [INF] Applying migration '20251023145930_MovieAndSeatingAndAuditoriumIdempotency'.
2025-10-23 16:59:35.384 +02:00 [INF] Executed DbCommand (0ms) [Parameters=[], CommandType='"Text"', CommandTimeout='30']
ALTER DATABASE CHARACTER SET utf8mb4;
2025-10-23 16:59:35.386 +02:00 [ERR] Failed executing DbCommand (1ms) [Parameters=[], CommandType='"Text"', CommandTimeout='30']
CREATE TABLE `Auditoriums` (
    `Id` int NOT NULL AUTO_INCREMENT,
    `AuditoriumName` varchar(100) CHARACTER SET utf8mb4 NOT NULL,
    CONSTRAINT `PK_Auditoriums` PRIMARY KEY (`Id`)
) CHARACTER SET=utf8mb4;
2025-10-23 17:02:34.474 +02:00 [INF] Executed DbCommand (43ms) [Parameters=[], CommandType='"Text"', CommandTimeout='30']
DROP DATABASE `MovieAPI`;
2025-10-23 17:02:57.471 +02:00 [INF] Executed DbCommand (2ms) [Parameters=[], CommandType='"Text"', CommandTimeout='30']
CREATE DATABASE `MovieAPI`;
2025-10-23 17:02:57.510 +02:00 [INF] Acquiring an exclusive lock for migration application. See https://aka.ms/efcore-docs-migrations-lock for more information if this takes too long.
2025-10-23 17:02:57.513 +02:00 [INF] Executed DbCommand (2ms) [Parameters=[], CommandType='"Text"', CommandTimeout='30']
SELECT GET_LOCK('__MovieAPI_EFMigrationsLock', 259200)
2025-10-23 17:02:57.566 +02:00 [INF] Executed DbCommand (21ms) [Parameters=[], CommandType='"Text"', CommandTimeout='30']
CREATE TABLE IF NOT EXISTS `__EFMigrationsHistory` (
    `MigrationId` varchar(150) CHARACTER SET utf8mb4 NOT NULL,
    `ProductVersion` varchar(32) CHARACTER SET utf8mb4 NOT NULL,
    CONSTRAINT `PK___EFMigrationsHistory` PRIMARY KEY (`MigrationId`)
) CHARACTER SET=utf8mb4;
2025-10-23 17:02:57.577 +02:00 [INF] Executed DbCommand (1ms) [Parameters=[], CommandType='"Text"', CommandTimeout='30']
SELECT 1 FROM INFORMATION_SCHEMA.TABLES WHERE TABLE_SCHEMA='MovieAPI' AND TABLE_NAME='__EFMigrationsHistory';
2025-10-23 17:02:57.580 +02:00 [INF] Executed DbCommand (1ms) [Parameters=[], CommandType='"Text"', CommandTimeout='30']
SELECT `MigrationId`, `ProductVersion`
FROM `__EFMigrationsHistory`
ORDER BY `MigrationId`;
2025-10-23 17:02:57.586 +02:00 [INF] Applying migration '20251023150249_InitialCreate'.
2025-10-23 17:02:57.598 +02:00 [INF] Executed DbCommand (0ms) [Parameters=[], CommandType='"Text"', CommandTimeout='30']
ALTER DATABASE CHARACTER SET utf8mb4;
2025-10-23 17:02:57.605 +02:00 [INF] Executed DbCommand (5ms) [Parameters=[], CommandType='"Text"', CommandTimeout='30']
CREATE TABLE `Auditoriums` (
    `Id` int NOT NULL AUTO_INCREMENT,
    `AuditoriumName` varchar(100) CHARACTER SET utf8mb4 NOT NULL,
    CONSTRAINT `PK_Auditoriums` PRIMARY KEY (`Id`)
) CHARACTER SET=utf8mb4;
2025-10-23 17:02:57.611 +02:00 [INF] Executed DbCommand (5ms) [Parameters=[], CommandType='"Text"', CommandTimeout='30']
CREATE TABLE `IdempotencyRecords` (
    `IdempotencyKey` varchar(255) CHARACTER SET utf8mb4 NOT NULL,
    `RequestPath` longtext CHARACTER SET utf8mb4 NOT NULL,
    `StatusCode` int NOT NULL,
    `ResponseBody` longtext CHARACTER SET utf8mb4 NOT NULL,
    `CreatedAt` datetime(6) NOT NULL,
    `ExpiresAt` datetime(6) NOT NULL,
    CONSTRAINT `PK_IdempotencyRecords` PRIMARY KEY (`IdempotencyKey`)
) CHARACTER SET=utf8mb4;
2025-10-23 17:02:57.619 +02:00 [INF] Executed DbCommand (6ms) [Parameters=[], CommandType='"Text"', CommandTimeout='30']
CREATE TABLE `Movies` (
    `Id` int NOT NULL AUTO_INCREMENT,
    `Title` varchar(255) CHARACTER SET utf8mb4 NOT NULL,
    `Description` varchar(1000) CHARACTER SET utf8mb4 NULL,
    `Year` int NOT NULL,
    `Director` varchar(255) CHARACTER SET utf8mb4 NULL,
    `Rating` double NULL,
    `RuntimeMinutes` double NULL,
    `Genre` varchar(500) CHARACTER SET utf8mb4 NULL,
    `PosterUrl` varchar(500) CHARACTER SET utf8mb4 NULL,
    `CreatedAt` datetime(6) NOT NULL,
    `UpdatedAt` datetime(6) NULL,
    CONSTRAINT `PK_Movies` PRIMARY KEY (`Id`)
) CHARACTER SET=utf8mb4;
2025-10-23 17:02:57.626 +02:00 [INF] Executed DbCommand (6ms) [Parameters=[], CommandType='"Text"', CommandTimeout='30']
CREATE TABLE `SeatingPlans` (
    `Id` int NOT NULL AUTO_INCREMENT,
    `PlanName` varchar(50) CHARACTER SET utf8mb4 NOT NULL,
    `LayoutJson` longtext CHARACTER SET utf8mb4 NOT NULL,
    `Description` varchar(500) CHARACTER SET utf8mb4 NOT NULL,
    `AuditoriumId` int NOT NULL,
    CONSTRAINT `PK_SeatingPlans` PRIMARY KEY (`Id`),
    CONSTRAINT `FK_SeatingPlans_Auditoriums_AuditoriumId` FOREIGN KEY (`AuditoriumId`) REFERENCES `Auditoriums` (`Id`) ON DELETE CASCADE
) CHARACTER SET=utf8mb4;
2025-10-23 17:02:57.633 +02:00 [INF] Executed DbCommand (5ms) [Parameters=[], CommandType='"Text"', CommandTimeout='30']
CREATE TABLE `AuditoriumMovie` (
    `AuditoriumsId` int NOT NULL,
    `MoviesId` int NOT NULL,
    CONSTRAINT `PK_AuditoriumMovie` PRIMARY KEY (`AuditoriumsId`, `MoviesId`),
    CONSTRAINT `FK_AuditoriumMovie_Auditoriums_AuditoriumsId` FOREIGN KEY (`AuditoriumsId`) REFERENCES `Auditoriums` (`Id`) ON DELETE CASCADE,
    CONSTRAINT `FK_AuditoriumMovie_Movies_MoviesId` FOREIGN KEY (`MoviesId`) REFERENCES `Movies` (`Id`) ON DELETE CASCADE
) CHARACTER SET=utf8mb4;
2025-10-23 17:02:57.645 +02:00 [INF] Executed DbCommand (11ms) [Parameters=[], CommandType='"Text"', CommandTimeout='30']
CREATE INDEX `IX_AuditoriumMovie_MoviesId` ON `AuditoriumMovie` (`MoviesId`);
2025-10-23 17:02:57.657 +02:00 [INF] Executed DbCommand (11ms) [Parameters=[], CommandType='"Text"', CommandTimeout='30']
CREATE INDEX `IX_IdempotencyRecords_ExpiresAt` ON `IdempotencyRecords` (`ExpiresAt`);
2025-10-23 17:02:57.668 +02:00 [INF] Executed DbCommand (10ms) [Parameters=[], CommandType='"Text"', CommandTimeout='30']
CREATE UNIQUE INDEX `IX_SeatingPlans_AuditoriumId` ON `SeatingPlans` (`AuditoriumId`);
2025-10-23 17:02:57.670 +02:00 [INF] Executed DbCommand (1ms) [Parameters=[], CommandType='"Text"', CommandTimeout='30']
INSERT INTO `__EFMigrationsHistory` (`MigrationId`, `ProductVersion`)
VALUES ('20251023150249_InitialCreate', '9.0.10');
2025-10-23 17:02:57.672 +02:00 [INF] Executed DbCommand (0ms) [Parameters=[], CommandType='"Text"', CommandTimeout='30']
SELECT RELEASE_LOCK('__MovieAPI_EFMigrationsLock')
2025-10-23 23:21:05.820 +02:00 [INF] Now listening on: http://localhost:5165
2025-10-23 23:21:05.841 +02:00 [INF] Application started. Press Ctrl+C to shut down.
2025-10-23 23:21:05.842 +02:00 [INF] Hosting environment: Development
2025-10-23 23:21:05.843 +02:00 [INF] Content root path: C:\Users\lukas\RiderProjects\MovieAPI\MovieAPI
2025-10-23 23:23:15.170 +02:00 [INF] Request starting HTTP/1.1 GET http://localhost:5165/ - null null
2025-10-23 23:23:15.192 +02:00 [WRN] Failed to determine the https port for redirect.
2025-10-23 23:23:15.197 +02:00 [INF] Request finished HTTP/1.1 GET http://localhost:5165/ - 404 0 null 28.1958ms
2025-10-23 23:23:15.203 +02:00 [INF] Request reached the end of the middleware pipeline without being handled by application code. Request path: GET http://localhost:5165/, Response status code: 404
2025-10-23 23:24:08.310 +02:00 [INF] Request starting HTTP/1.1 GET http://localhost:5165/swagger - null null
2025-10-23 23:24:08.315 +02:00 [INF] Request finished HTTP/1.1 GET http://localhost:5165/swagger - 301 0 null 5.2666ms
2025-10-23 23:24:08.321 +02:00 [INF] Request starting HTTP/1.1 GET http://localhost:5165/swagger/index.html - null null
2025-10-23 23:24:08.365 +02:00 [INF] Request finished HTTP/1.1 GET http://localhost:5165/swagger/index.html - 200 null text/html;charset=utf-8 44.339ms
2025-10-23 23:24:08.509 +02:00 [INF] Request starting HTTP/1.1 GET http://localhost:5165/swagger/swagger-ui.css - null null
2025-10-23 23:24:08.510 +02:00 [INF] Request starting HTTP/1.1 GET http://localhost:5165/swagger/swagger-ui-standalone-preset.js - null null
2025-10-23 23:24:08.510 +02:00 [INF] Request starting HTTP/1.1 GET http://localhost:5165/swagger/swagger-ui-bundle.js - null null
2025-10-23 23:24:08.524 +02:00 [INF] Sending file. Request path: '/swagger-ui.css'. Physical path: 'N/A'
2025-10-23 23:24:08.525 +02:00 [INF] Sending file. Request path: '/swagger-ui-standalone-preset.js'. Physical path: 'N/A'
2025-10-23 23:24:08.527 +02:00 [INF] Request finished HTTP/1.1 GET http://localhost:5165/swagger/swagger-ui.css - 200 152034 text/css 17.1025ms
2025-10-23 23:24:08.527 +02:00 [INF] Request finished HTTP/1.1 GET http://localhost:5165/swagger/swagger-ui-standalone-preset.js - 200 230280 text/javascript 17.4132ms
2025-10-23 23:24:08.530 +02:00 [INF] Sending file. Request path: '/swagger-ui-bundle.js'. Physical path: 'N/A'
2025-10-23 23:24:08.533 +02:00 [INF] Request finished HTTP/1.1 GET http://localhost:5165/swagger/swagger-ui-bundle.js - 200 1456926 text/javascript 23.7892ms
2025-10-23 23:24:08.631 +02:00 [INF] Request starting HTTP/1.1 GET http://localhost:5165/swagger/v1/swagger.json - null null
2025-10-23 23:24:08.644 +02:00 [ERR] An unhandled exception has occurred while executing the request.
Swashbuckle.AspNetCore.SwaggerGen.SwaggerGeneratorException: Conflicting method/path combination "GET api/v1/films" for actions - MovieAPI.Controller.MovieController.GetMovies (MovieAPI),MovieAPI.Controller.MovieController.GetAllMovies (MovieAPI). Actions require a unique method/path combination for Swagger/OpenAPI 3.0. Use ConflictingActionsResolver as a workaround
   at Swashbuckle.AspNetCore.SwaggerGen.SwaggerGenerator.GenerateOperations(IEnumerable`1 apiDescriptions, SchemaRepository schemaRepository)
   at Swashbuckle.AspNetCore.SwaggerGen.SwaggerGenerator.GeneratePaths(IEnumerable`1 apiDescriptions, SchemaRepository schemaRepository)
   at Swashbuckle.AspNetCore.SwaggerGen.SwaggerGenerator.GetSwaggerDocumentWithoutFilters(String documentName, String host, String basePath)
   at Swashbuckle.AspNetCore.SwaggerGen.SwaggerGenerator.GetSwaggerAsync(String documentName, String host, String basePath)
   at Swashbuckle.AspNetCore.Swagger.SwaggerMiddleware.Invoke(HttpContext httpContext, ISwaggerProvider swaggerProvider)
   at Microsoft.AspNetCore.Authorization.AuthorizationMiddleware.Invoke(HttpContext context)
   at Microsoft.AspNetCore.Authentication.AuthenticationMiddleware.Invoke(HttpContext context)
   at Microsoft.AspNetCore.Diagnostics.DeveloperExceptionPageMiddlewareImpl.Invoke(HttpContext context)
2025-10-23 23:24:08.653 +02:00 [INF] Request finished HTTP/1.1 GET http://localhost:5165/swagger/v1/swagger.json - 500 null text/plain; charset=utf-8 21.9716ms
2025-10-23 23:27:59.382 +02:00 [INF] Application is shutting down...
2025-10-23 23:28:02.944 +02:00 [INF] Now listening on: http://localhost:5165
2025-10-23 23:28:02.964 +02:00 [INF] Application started. Press Ctrl+C to shut down.
2025-10-23 23:28:02.964 +02:00 [INF] Hosting environment: Development
2025-10-23 23:28:02.965 +02:00 [INF] Content root path: C:\Users\lukas\RiderProjects\MovieAPI\MovieAPI
2025-10-23 23:28:05.197 +02:00 [INF] Request starting HTTP/1.1 GET http://localhost:5165/ - null null
2025-10-23 23:28:05.218 +02:00 [WRN] Failed to determine the https port for redirect.
2025-10-23 23:28:05.221 +02:00 [INF] Request finished HTTP/1.1 GET http://localhost:5165/ - 404 0 null 24.9336ms
2025-10-23 23:28:05.226 +02:00 [INF] Request reached the end of the middleware pipeline without being handled by application code. Request path: GET http://localhost:5165/, Response status code: 404
2025-10-23 23:28:11.860 +02:00 [INF] Request starting HTTP/1.1 GET http://localhost:5165/swagger/index.html - null null
2025-10-23 23:28:11.903 +02:00 [INF] Request finished HTTP/1.1 GET http://localhost:5165/swagger/index.html - 200 null text/html;charset=utf-8 43.5738ms
2025-10-23 23:28:12.165 +02:00 [INF] Request starting HTTP/1.1 GET http://localhost:5165/swagger/v1/swagger.json - null null
2025-10-23 23:28:12.237 +02:00 [INF] Request finished HTTP/1.1 GET http://localhost:5165/swagger/v1/swagger.json - 200 null application/json;charset=utf-8 72.0859ms
2025-10-23 23:30:15.178 +02:00 [INF] Request starting HTTP/1.1 POST http://localhost:5165/api/v1/films - application/json 325
2025-10-23 23:30:15.182 +02:00 [INF] Executing endpoint 'MovieAPI.Controller.MovieController.CreateMovie (MovieAPI)'
2025-10-23 23:30:15.209 +02:00 [INF] Route matched with {action = "CreateMovie", controller = "Movie"}. Executing controller action with signature System.Threading.Tasks.Task`1[Microsoft.AspNetCore.Mvc.ActionResult`1[MovieAPI.DTOs.Response.MovieDToResponse]] CreateMovie(MovieAPI.DTOs.Requests.MovieDToRequest, System.String) on controller MovieAPI.Controller.MovieController (MovieAPI).
2025-10-23 23:30:16.046 +02:00 [INF] Executed DbCommand (8ms) [Parameters=[], CommandType='"Text"', CommandTimeout='30']
SELECT `a`.`Id`, `a`.`AuditoriumName`
FROM `Auditoriums` AS `a`
WHERE `a`.`Id` = 0
2025-10-23 23:30:16.168 +02:00 [INF] Executed DbCommand (15ms) [Parameters=[@p0='?' (DbType = DateTime), @p1='?' (Size = 1000), @p2='?' (Size = 255), @p3='?' (Size = 500), @p4='?' (Size = 500), @p5='?' (DbType = Double), @p6='?' (DbType = Double), @p7='?' (Size = 255), @p8='?' (DbType = DateTime), @p9='?' (DbType = Int32)], CommandType='"Text"', CommandTimeout='30']
INSERT INTO `Movies` (`CreatedAt`, `Description`, `Director`, `Genre`, `PosterUrl`, `Rating`, `RuntimeMinutes`, `Title`, `UpdatedAt`, `Year`)
VALUES (@p0, @p1, @p2, @p3, @p4, @p5, @p6, @p7, @p8, @p9);
SELECT `Id`
FROM `Movies`
WHERE ROW_COUNT() = 1 AND `Id` = LAST_INSERT_ID();
2025-10-23 23:30:16.186 +02:00 [INF] "2025-10-23T21:30:16.1861086Z" - MovieId '1' created successfully
2025-10-23 23:30:16.191 +02:00 [INF] Executing CreatedAtActionResult, writing value of type 'MovieAPI.DTOs.Response.MovieDToResponse'.
2025-10-23 23:30:16.203 +02:00 [INF] Executed action MovieAPI.Controller.MovieController.CreateMovie (MovieAPI) in 990.7909ms
2025-10-23 23:30:16.204 +02:00 [INF] Executed endpoint 'MovieAPI.Controller.MovieController.CreateMovie (MovieAPI)'
2025-10-23 23:30:16.208 +02:00 [INF] Request finished HTTP/1.1 POST http://localhost:5165/api/v1/films - 201 null application/json; charset=utf-8 1030.0295ms
2025-10-23 23:33:40.096 +02:00 [INF] Request starting HTTP/1.1 GET http://localhost:5165/api/v1/films?page=1&pageSize=10 - null null
2025-10-23 23:33:40.098 +02:00 [INF] Executing endpoint 'MovieAPI.Controller.MovieController.GetMovies (MovieAPI)'
2025-10-23 23:33:40.116 +02:00 [INF] Route matched with {action = "GetMovies", controller = "Movie"}. Executing controller action with signature System.Threading.Tasks.Task`1[Microsoft.AspNetCore.Mvc.ActionResult`1[System.Collections.Generic.IEnumerable`1[MovieAPI.DTOs.Response.MovieDToResponse]]] GetMovies(Int32, Int32) on controller MovieAPI.Controller.MovieController (MovieAPI).
2025-10-23 23:33:40.162 +02:00 [INF] Executed DbCommand (0ms) [Parameters=[@__p_1='?' (DbType = Int32), @__p_0='?' (DbType = Int32)], CommandType='"Text"', CommandTimeout='30']
SELECT `m`.`Id`, `m`.`Title`, `m`.`Rating`, `m`.`Genre`, `m`.`PosterUrl`
FROM `Movies` AS `m`
ORDER BY `m`.`Id`
LIMIT @__p_1 OFFSET @__p_0
2025-10-23 23:33:40.165 +02:00 [INF] "2025-10-23T21:33:40.1651785Z" - '1' films from page '1' where retrieved
2025-10-23 23:33:40.166 +02:00 [INF] Executing OkObjectResult, writing value of type 'MovieAPI.DTOs.Response.MovieDToResponse[]'.
2025-10-23 23:33:40.168 +02:00 [INF] Executed action MovieAPI.Controller.MovieController.GetMovies (MovieAPI) in 50.3736ms
2025-10-23 23:33:40.168 +02:00 [INF] Executed endpoint 'MovieAPI.Controller.MovieController.GetMovies (MovieAPI)'
2025-10-23 23:33:40.169 +02:00 [INF] Request finished HTTP/1.1 GET http://localhost:5165/api/v1/films?page=1&pageSize=10 - 200 null application/json; charset=utf-8 73.5557ms
2025-10-23 23:34:10.600 +02:00 [INF] Request starting HTTP/1.1 GET http://localhost:5165/api/v1/films/0 - null null
2025-10-23 23:34:10.602 +02:00 [INF] Executing endpoint 'MovieAPI.Controller.MovieController.GetMovie (MovieAPI)'
2025-10-23 23:34:10.605 +02:00 [INF] Route matched with {action = "GetMovie", controller = "Movie"}. Executing controller action with signature System.Threading.Tasks.Task`1[Microsoft.AspNetCore.Mvc.ActionResult`1[MovieAPI.DTOs.Response.MovieDToResponse]] GetMovie(Int32) on controller MovieAPI.Controller.MovieController (MovieAPI).
2025-10-23 23:34:10.627 +02:00 [INF] Executed DbCommand (0ms) [Parameters=[@__id_0='?' (DbType = Int32)], CommandType='"Text"', CommandTimeout='30']
SELECT `m`.`Id`, `m`.`Title`, `m`.`Rating`, `m`.`Genre`, `m`.`PosterUrl`
FROM `Movies` AS `m`
WHERE `m`.`Id` = @__id_0
LIMIT 1
2025-10-23 23:34:10.628 +02:00 [WRN] "2025-10-23T21:34:10.6288912Z" - MovieId '0' not found
2025-10-23 23:34:10.629 +02:00 [INF] Executing NotFoundObjectResult, writing value of type '<>f__AnonymousType0`1[[System.String, System.Private.CoreLib, Version=8.0.0.0, Culture=neutral, PublicKeyToken=7cec85d7bea7798e]]'.
2025-10-23 23:34:10.635 +02:00 [INF] Executed action MovieAPI.Controller.MovieController.GetMovie (MovieAPI) in 28.0235ms
2025-10-23 23:34:10.636 +02:00 [INF] Executed endpoint 'MovieAPI.Controller.MovieController.GetMovie (MovieAPI)'
2025-10-23 23:34:10.637 +02:00 [INF] Request finished HTTP/1.1 GET http://localhost:5165/api/v1/films/0 - 404 null application/json; charset=utf-8 36.2646ms
2025-10-23 23:37:15.313 +02:00 [INF] Request starting HTTP/1.1 GET http://localhost:5165/api/v1/films/1 - null null
2025-10-23 23:37:15.315 +02:00 [INF] Executing endpoint 'MovieAPI.Controller.MovieController.GetMovie (MovieAPI)'
2025-10-23 23:37:15.316 +02:00 [INF] Route matched with {action = "GetMovie", controller = "Movie"}. Executing controller action with signature System.Threading.Tasks.Task`1[Microsoft.AspNetCore.Mvc.ActionResult`1[MovieAPI.DTOs.Response.MovieDToResponse]] GetMovie(Int32) on controller MovieAPI.Controller.MovieController (MovieAPI).
2025-10-23 23:37:15.334 +02:00 [INF] Executed DbCommand (0ms) [Parameters=[@__id_0='?' (DbType = Int32)], CommandType='"Text"', CommandTimeout='30']
SELECT `m`.`Id`, `m`.`Title`, `m`.`Rating`, `m`.`Genre`, `m`.`PosterUrl`
FROM `Movies` AS `m`
WHERE `m`.`Id` = @__id_0
LIMIT 1
2025-10-23 23:37:15.336 +02:00 [INF] "2025-10-23T21:37:15.3365451Z" - MovieId '1' retrieved successfully
2025-10-23 23:37:15.337 +02:00 [INF] Executing OkObjectResult, writing value of type 'MovieAPI.DTOs.Response.MovieDToResponse'.
2025-10-23 23:37:15.338 +02:00 [INF] Executed action MovieAPI.Controller.MovieController.GetMovie (MovieAPI) in 20.8824ms
2025-10-23 23:37:15.339 +02:00 [INF] Executed endpoint 'MovieAPI.Controller.MovieController.GetMovie (MovieAPI)'
2025-10-23 23:37:15.340 +02:00 [INF] Request finished HTTP/1.1 GET http://localhost:5165/api/v1/films/1 - 200 null application/json; charset=utf-8 26.1771ms
2025-10-23 23:38:16.758 +02:00 [INF] Request starting HTTP/1.1 GET http://localhost:5165/api/v1/films?page=1&pageSize=10 - null null
2025-10-23 23:38:16.760 +02:00 [INF] Executing endpoint 'MovieAPI.Controller.MovieController.GetMovies (MovieAPI)'
2025-10-23 23:38:16.761 +02:00 [INF] Route matched with {action = "GetMovies", controller = "Movie"}. Executing controller action with signature System.Threading.Tasks.Task`1[Microsoft.AspNetCore.Mvc.ActionResult`1[System.Collections.Generic.IEnumerable`1[MovieAPI.DTOs.Response.MovieDToResponse]]] GetMovies(Int32, Int32) on controller MovieAPI.Controller.MovieController (MovieAPI).
2025-10-23 23:38:16.764 +02:00 [INF] Executed DbCommand (0ms) [Parameters=[@__p_1='?' (DbType = Int32), @__p_0='?' (DbType = Int32)], CommandType='"Text"', CommandTimeout='30']
SELECT `m`.`Id`, `m`.`Title`, `m`.`Rating`, `m`.`Genre`, `m`.`PosterUrl`
FROM `Movies` AS `m`
ORDER BY `m`.`Id`
LIMIT @__p_1 OFFSET @__p_0
2025-10-23 23:38:16.766 +02:00 [INF] "2025-10-23T21:38:16.7662637Z" - '1' films from page '1' where retrieved
2025-10-23 23:38:16.767 +02:00 [INF] Executing OkObjectResult, writing value of type 'MovieAPI.DTOs.Response.MovieDToResponse[]'.
2025-10-23 23:38:16.768 +02:00 [INF] Executed action MovieAPI.Controller.MovieController.GetMovies (MovieAPI) in 5.2403ms
2025-10-23 23:38:16.768 +02:00 [INF] Executed endpoint 'MovieAPI.Controller.MovieController.GetMovies (MovieAPI)'
2025-10-23 23:38:16.769 +02:00 [INF] Request finished HTTP/1.1 GET http://localhost:5165/api/v1/films?page=1&pageSize=10 - 200 null application/json; charset=utf-8 10.994ms
