2025-10-24 00:40:08.345 +02:00 [INF] Application is shutting down...
2025-10-24 00:40:13.985 +02:00 [INF] Now listening on: http://localhost:5165
2025-10-24 00:40:14.006 +02:00 [INF] Application started. Press Ctrl+C to shut down.
2025-10-24 00:40:14.006 +02:00 [INF] Hosting environment: Development
2025-10-24 00:40:14.007 +02:00 [INF] Content root path: C:\Users\lukas\RiderProjects\MovieAPI\MovieAPI
2025-10-24 00:40:16.668 +02:00 [INF] Request starting HTTP/1.1 GET http://localhost:5165/swagger/index.html - null null
2025-10-24 00:40:16.724 +02:00 [INF] Request finished HTTP/1.1 GET http://localhost:5165/swagger/index.html - 200 null text/html;charset=utf-8 56.0529ms
2025-10-24 00:40:16.851 +02:00 [INF] Request starting HTTP/1.1 GET http://localhost:5165/swagger/favicon-32x32.png - null null
2025-10-24 00:40:16.851 +02:00 [INF] Request starting HTTP/1.1 GET http://localhost:5165/swagger/v1/swagger.json - null null
2025-10-24 00:40:16.858 +02:00 [INF] Sending file. Request path: '/favicon-32x32.png'. Physical path: 'N/A'
2025-10-24 00:40:16.859 +02:00 [INF] Request finished HTTP/1.1 GET http://localhost:5165/swagger/favicon-32x32.png - 200 628 image/png 8.6217ms
2025-10-24 00:40:16.913 +02:00 [INF] Request finished HTTP/1.1 GET http://localhost:5165/swagger/v1/swagger.json - 200 null application/json;charset=utf-8 62.3724ms
2025-10-24 00:41:06.487 +02:00 [INF] Request starting HTTP/1.1 GET http://localhost:5165/swagger/index.html - null null
2025-10-24 00:41:06.490 +02:00 [INF] Request finished HTTP/1.1 GET http://localhost:5165/swagger/index.html - 200 null text/html;charset=utf-8 2.4454ms
2025-10-24 00:41:06.614 +02:00 [INF] Request starting HTTP/1.1 GET http://localhost:5165/swagger/v1/swagger.json - null null
2025-10-24 00:41:06.618 +02:00 [INF] Request finished HTTP/1.1 GET http://localhost:5165/swagger/v1/swagger.json - 200 null application/json;charset=utf-8 4.4346ms
2025-10-24 00:41:09.304 +02:00 [INF] Application is shutting down...
2025-10-24 00:41:11.660 +02:00 [INF] Now listening on: http://localhost:5165
2025-10-24 00:41:11.680 +02:00 [INF] Application started. Press Ctrl+C to shut down.
2025-10-24 00:41:11.681 +02:00 [INF] Hosting environment: Development
2025-10-24 00:41:11.682 +02:00 [INF] Content root path: C:\Users\lukas\RiderProjects\MovieAPI\MovieAPI
2025-10-24 00:41:13.410 +02:00 [INF] Request starting HTTP/1.1 GET http://localhost:5165/swagger/index.html - null null
2025-10-24 00:41:13.464 +02:00 [INF] Request finished HTTP/1.1 GET http://localhost:5165/swagger/index.html - 200 null text/html;charset=utf-8 54.7828ms
2025-10-24 00:41:13.534 +02:00 [INF] Request starting HTTP/1.1 GET http://localhost:5165/swagger/v1/swagger.json - null null
2025-10-24 00:41:13.588 +02:00 [INF] Request finished HTTP/1.1 GET http://localhost:5165/swagger/v1/swagger.json - 200 null application/json;charset=utf-8 54.1685ms
2025-10-24 00:42:49.893 +02:00 [INF] Application is shutting down...
2025-10-24 00:42:52.308 +02:00 [INF] Now listening on: http://localhost:5165
2025-10-24 00:42:52.328 +02:00 [INF] Application started. Press Ctrl+C to shut down.
2025-10-24 00:42:52.329 +02:00 [INF] Hosting environment: Development
2025-10-24 00:42:52.330 +02:00 [INF] Content root path: C:\Users\lukas\RiderProjects\MovieAPI\MovieAPI
2025-10-24 00:42:53.590 +02:00 [INF] Request starting HTTP/1.1 GET http://localhost:5165/swagger/index.html - null null
2025-10-24 00:42:53.643 +02:00 [INF] Request finished HTTP/1.1 GET http://localhost:5165/swagger/index.html - 200 null text/html;charset=utf-8 53.6682ms
2025-10-24 00:42:53.776 +02:00 [INF] Request starting HTTP/1.1 GET http://localhost:5165/swagger/v1/swagger.json - null null
2025-10-24 00:42:53.839 +02:00 [INF] Request finished HTTP/1.1 GET http://localhost:5165/swagger/v1/swagger.json - 200 null application/json;charset=utf-8 63.2867ms
2025-10-24 00:43:03.212 +02:00 [INF] Request starting HTTP/1.1 GET http://localhost:5165/api/v1/films/1 - null null
2025-10-24 00:43:03.217 +02:00 [WRN] Failed to determine the https port for redirect.
2025-10-24 00:43:03.219 +02:00 [INF] Executing endpoint 'MovieAPI.Controller.MovieController.GetMovie (MovieAPI)'
2025-10-24 00:43:03.234 +02:00 [INF] Route matched with {action = "GetMovie", controller = "Movie"}. Executing controller action with signature System.Threading.Tasks.Task`1[Microsoft.AspNetCore.Mvc.ActionResult`1[MovieAPI.DTOs.Response.MovieDToResponse]] GetMovie(Int32) on controller MovieAPI.Controller.MovieController (MovieAPI).
2025-10-24 00:43:03.287 +02:00 [INF] Executed action MovieAPI.Controller.MovieController.GetMovie (MovieAPI) in 50.7838ms
2025-10-24 00:43:03.289 +02:00 [INF] Executed endpoint 'MovieAPI.Controller.MovieController.GetMovie (MovieAPI)'
2025-10-24 00:43:03.290 +02:00 [ERR] An unhandled exception has occurred while executing the request.
System.InvalidOperationException: Unable to resolve service for type 'Microsoft.Extensions.Caching.Memory.IMemoryCache' while attempting to activate 'MovieAPI.Controller.MovieController'.
   at Microsoft.Extensions.DependencyInjection.ActivatorUtilities.ThrowHelperUnableToResolveService(Type type, Type requiredBy)
   at lambda_method9(Closure, IServiceProvider, Object[])
   at Microsoft.AspNetCore.Mvc.Controllers.ControllerFactoryProvider.<>c__DisplayClass6_0.<CreateControllerFactory>g__CreateController|0(ControllerContext controllerContext)
   at Microsoft.AspNetCore.Mvc.Infrastructure.ControllerActionInvoker.Next(State& next, Scope& scope, Object& state, Boolean& isCompleted)
   at Microsoft.AspNetCore.Mvc.Infrastructure.ControllerActionInvoker.InvokeInnerFilterAsync()
--- End of stack trace from previous location ---
   at Microsoft.AspNetCore.Mvc.Infrastructure.ResourceInvoker.<InvokeFilterPipelineAsync>g__Awaited|20_0(ResourceInvoker invoker, Task lastTask, State next, Scope scope, Object state, Boolean isCompleted)
   at Microsoft.AspNetCore.Mvc.Infrastructure.ResourceInvoker.<InvokeAsync>g__Logged|17_1(ResourceInvoker invoker)
   at Microsoft.AspNetCore.Mvc.Infrastructure.ResourceInvoker.<InvokeAsync>g__Logged|17_1(ResourceInvoker invoker)
   at Microsoft.AspNetCore.Routing.EndpointMiddleware.<Invoke>g__AwaitRequestTask|7_0(Endpoint endpoint, Task requestTask, ILogger logger)
   at Swashbuckle.AspNetCore.SwaggerUI.SwaggerUIMiddleware.Invoke(HttpContext httpContext)
   at Swashbuckle.AspNetCore.Swagger.SwaggerMiddleware.Invoke(HttpContext httpContext, ISwaggerProvider swaggerProvider)
   at Microsoft.AspNetCore.Authorization.AuthorizationMiddleware.Invoke(HttpContext context)
   at Microsoft.AspNetCore.Authentication.AuthenticationMiddleware.Invoke(HttpContext context)
   at Microsoft.AspNetCore.Diagnostics.DeveloperExceptionPageMiddlewareImpl.Invoke(HttpContext context)
2025-10-24 00:43:03.301 +02:00 [INF] Request finished HTTP/1.1 GET http://localhost:5165/api/v1/films/1 - 500 null text/plain; charset=utf-8 89.2951ms
2025-10-24 00:53:14.967 +02:00 [INF] Application is shutting down...
2025-10-24 00:54:08.656 +02:00 [INF] Now listening on: http://localhost:5165
2025-10-24 00:54:08.676 +02:00 [INF] Application started. Press Ctrl+C to shut down.
2025-10-24 00:54:08.677 +02:00 [INF] Hosting environment: Development
2025-10-24 00:54:08.678 +02:00 [INF] Content root path: C:\Users\lukas\RiderProjects\MovieAPI\MovieAPI
2025-10-24 00:54:11.703 +02:00 [INF] Request starting HTTP/1.1 GET http://localhost:5165/swagger/index.html - null null
2025-10-24 00:54:11.758 +02:00 [INF] Request finished HTTP/1.1 GET http://localhost:5165/swagger/index.html - 200 null text/html;charset=utf-8 56.0195ms
2025-10-24 00:54:11.886 +02:00 [INF] Request starting HTTP/1.1 GET http://localhost:5165/swagger/v1/swagger.json - null null
2025-10-24 00:54:11.946 +02:00 [INF] Request finished HTTP/1.1 GET http://localhost:5165/swagger/v1/swagger.json - 200 null application/json;charset=utf-8 59.6645ms
2025-10-24 00:54:18.705 +02:00 [INF] Request starting HTTP/1.1 GET http://localhost:5165/api/v1/films/1 - null null
2025-10-24 00:54:18.710 +02:00 [WRN] Failed to determine the https port for redirect.
2025-10-24 00:54:18.712 +02:00 [INF] Executing endpoint 'MovieAPI.Controller.MovieController.GetMovie (MovieAPI)'
2025-10-24 00:54:18.725 +02:00 [INF] Route matched with {action = "GetMovie", controller = "Movie"}. Executing controller action with signature System.Threading.Tasks.Task`1[Microsoft.AspNetCore.Mvc.ActionResult`1[MovieAPI.DTOs.Response.MovieDToResponse]] GetMovie(Int32) on controller MovieAPI.Controller.MovieController (MovieAPI).
2025-10-24 00:54:19.270 +02:00 [INF] Executed DbCommand (18ms) [Parameters=[@__id_0='?' (DbType = Int32)], CommandType='"Text"', CommandTimeout='30']
SELECT `m`.`Id`, `m`.`Title`, `m`.`Rating`, `m`.`Genre`, `m`.`PosterUrl`
FROM `Movies` AS `m`
WHERE `m`.`Id` = @__id_0
LIMIT 1
2025-10-24 00:54:19.286 +02:00 [INF] MovieId '1' retrieved successfully
2025-10-24 00:54:19.290 +02:00 [INF] Executing OkObjectResult, writing value of type 'MovieAPI.DTOs.Response.MovieDToResponse'.
2025-10-24 00:54:19.312 +02:00 [INF] Executed action MovieAPI.Controller.MovieController.GetMovie (MovieAPI) in 584.6388ms
2025-10-24 00:54:19.314 +02:00 [INF] Executed endpoint 'MovieAPI.Controller.MovieController.GetMovie (MovieAPI)'
2025-10-24 00:54:19.318 +02:00 [INF] Request finished HTTP/1.1 GET http://localhost:5165/api/v1/films/1 - 200 null application/json; charset=utf-8 612.9583ms
2025-10-24 00:54:50.944 +02:00 [INF] Request starting HTTP/1.1 GET http://localhost:5165/api/v1/films/1 - null null
2025-10-24 00:54:50.946 +02:00 [INF] Executing endpoint 'MovieAPI.Controller.MovieController.GetMovie (MovieAPI)'
2025-10-24 00:54:50.947 +02:00 [INF] Route matched with {action = "GetMovie", controller = "Movie"}. Executing controller action with signature System.Threading.Tasks.Task`1[Microsoft.AspNetCore.Mvc.ActionResult`1[MovieAPI.DTOs.Response.MovieDToResponse]] GetMovie(Int32) on controller MovieAPI.Controller.MovieController (MovieAPI).
2025-10-24 00:54:50.949 +02:00 [INF] Returning cached movie for MovieId '1'
2025-10-24 00:54:50.950 +02:00 [INF] Executing OkObjectResult, writing value of type 'MovieAPI.DTOs.Response.MovieDToResponse'.
2025-10-24 00:54:50.951 +02:00 [INF] Executed action MovieAPI.Controller.MovieController.GetMovie (MovieAPI) in 2.8289ms
2025-10-24 00:54:50.952 +02:00 [INF] Executed endpoint 'MovieAPI.Controller.MovieController.GetMovie (MovieAPI)'
2025-10-24 00:54:50.952 +02:00 [INF] Request finished HTTP/1.1 GET http://localhost:5165/api/v1/films/1 - 200 null application/json; charset=utf-8 8.7121ms
2025-10-24 00:56:36.998 +02:00 [INF] Application is shutting down...
2025-10-24 00:56:39.685 +02:00 [INF] Now listening on: http://localhost:5165
2025-10-24 00:56:39.704 +02:00 [INF] Application started. Press Ctrl+C to shut down.
2025-10-24 00:56:39.705 +02:00 [INF] Hosting environment: Development
2025-10-24 00:56:39.706 +02:00 [INF] Content root path: C:\Users\lukas\RiderProjects\MovieAPI\MovieAPI
2025-10-24 00:56:41.815 +02:00 [INF] Request starting HTTP/1.1 GET http://localhost:5165/swagger/index.html - null null
2025-10-24 00:56:41.869 +02:00 [INF] Request finished HTTP/1.1 GET http://localhost:5165/swagger/index.html - 200 null text/html;charset=utf-8 55.0679ms
2025-10-24 00:56:41.993 +02:00 [INF] Request starting HTTP/1.1 GET http://localhost:5165/swagger/v1/swagger.json - null null
2025-10-24 00:56:42.052 +02:00 [INF] Request finished HTTP/1.1 GET http://localhost:5165/swagger/v1/swagger.json - 200 null application/json;charset=utf-8 59.0974ms
2025-10-24 00:59:32.843 +02:00 [INF] Application is shutting down...
2025-10-24 00:59:35.883 +02:00 [INF] Now listening on: http://localhost:5165
2025-10-24 00:59:35.902 +02:00 [INF] Application started. Press Ctrl+C to shut down.
2025-10-24 00:59:35.903 +02:00 [INF] Hosting environment: Development
2025-10-24 00:59:35.904 +02:00 [INF] Content root path: C:\Users\lukas\RiderProjects\MovieAPI\MovieAPI
2025-10-24 00:59:43.896 +02:00 [INF] Request starting HTTP/1.1 GET http://localhost:5165/api/v1/films/1 - null null
2025-10-24 00:59:43.914 +02:00 [WRN] Failed to determine the https port for redirect.
2025-10-24 00:59:43.916 +02:00 [INF] Executing endpoint 'MovieAPI.Controller.MovieController.GetMovie (MovieAPI)'
2025-10-24 00:59:43.929 +02:00 [INF] Route matched with {action = "GetMovie", controller = "Movie"}. Executing controller action with signature System.Threading.Tasks.Task`1[Microsoft.AspNetCore.Mvc.ActionResult`1[MovieAPI.DTOs.Response.MovieDToResponse]] GetMovie(Int32) on controller MovieAPI.Controller.MovieController (MovieAPI).
2025-10-24 00:59:44.486 +02:00 [INF] Executed DbCommand (20ms) [Parameters=[@__id_0='?' (DbType = Int32)], CommandType='"Text"', CommandTimeout='30']
SELECT `m`.`Id`, `m`.`Title`, `m`.`Rating`, `m`.`Genre`, `m`.`PosterUrl`
FROM `Movies` AS `m`
WHERE `m`.`Id` = @__id_0
LIMIT 1
2025-10-24 00:59:44.503 +02:00 [INF] MovieId '1' retrieved successfully
2025-10-24 00:59:44.508 +02:00 [INF] Executing OkObjectResult, writing value of type 'MovieAPI.DTOs.Response.MovieDToResponse'.
2025-10-24 00:59:44.548 +02:00 [INF] Executed action MovieAPI.Controller.MovieController.GetMovie (MovieAPI) in 615.6434ms
2025-10-24 00:59:44.549 +02:00 [INF] Executed endpoint 'MovieAPI.Controller.MovieController.GetMovie (MovieAPI)'
2025-10-24 00:59:44.555 +02:00 [INF] Request finished HTTP/1.1 GET http://localhost:5165/api/v1/films/1 - 200 null application/json; charset=utf-8 659.8053ms
2025-10-24 00:59:51.945 +02:00 [INF] Request starting HTTP/1.1 GET http://localhost:5165/api/v1/films/1 - null null
2025-10-24 00:59:51.948 +02:00 [INF] Executing endpoint 'MovieAPI.Controller.MovieController.GetMovie (MovieAPI)'
2025-10-24 00:59:51.949 +02:00 [INF] Route matched with {action = "GetMovie", controller = "Movie"}. Executing controller action with signature System.Threading.Tasks.Task`1[Microsoft.AspNetCore.Mvc.ActionResult`1[MovieAPI.DTOs.Response.MovieDToResponse]] GetMovie(Int32) on controller MovieAPI.Controller.MovieController (MovieAPI).
2025-10-24 00:59:51.951 +02:00 [INF] Returning cached movie for MovieId '1'
2025-10-24 00:59:51.952 +02:00 [INF] Executing OkObjectResult, writing value of type 'MovieAPI.DTOs.Response.MovieDToResponse'.
2025-10-24 00:59:51.953 +02:00 [INF] Executed action MovieAPI.Controller.MovieController.GetMovie (MovieAPI) in 3.0587ms
2025-10-24 00:59:51.954 +02:00 [INF] Executed endpoint 'MovieAPI.Controller.MovieController.GetMovie (MovieAPI)'
2025-10-24 00:59:51.955 +02:00 [INF] Request finished HTTP/1.1 GET http://localhost:5165/api/v1/films/1 - 200 null application/json; charset=utf-8 10.3849ms
2025-10-24 00:59:55.875 +02:00 [INF] Request starting HTTP/1.1 GET http://localhost:5165/api/v1/films/1 - null null
2025-10-24 00:59:55.878 +02:00 [INF] Executing endpoint 'MovieAPI.Controller.MovieController.GetMovie (MovieAPI)'
2025-10-24 00:59:55.878 +02:00 [INF] Route matched with {action = "GetMovie", controller = "Movie"}. Executing controller action with signature System.Threading.Tasks.Task`1[Microsoft.AspNetCore.Mvc.ActionResult`1[MovieAPI.DTOs.Response.MovieDToResponse]] GetMovie(Int32) on controller MovieAPI.Controller.MovieController (MovieAPI).
2025-10-24 00:59:55.881 +02:00 [INF] Returning cached movie for MovieId '1'
2025-10-24 00:59:55.882 +02:00 [INF] Executing OkObjectResult, writing value of type 'MovieAPI.DTOs.Response.MovieDToResponse'.
2025-10-24 00:59:55.883 +02:00 [INF] Executed action MovieAPI.Controller.MovieController.GetMovie (MovieAPI) in 3.5045ms
2025-10-24 00:59:55.884 +02:00 [INF] Executed endpoint 'MovieAPI.Controller.MovieController.GetMovie (MovieAPI)'
2025-10-24 00:59:55.885 +02:00 [INF] Request finished HTTP/1.1 GET http://localhost:5165/api/v1/films/1 - 200 null application/json; charset=utf-8 9.9479ms
2025-10-24 01:09:23.185 +02:00 [INF] Application is shutting down...
2025-10-24 01:09:25.582 +02:00 [INF] Now listening on: http://localhost:5165
2025-10-24 01:09:25.602 +02:00 [INF] Application started. Press Ctrl+C to shut down.
2025-10-24 01:09:25.603 +02:00 [INF] Hosting environment: Development
2025-10-24 01:09:25.604 +02:00 [INF] Content root path: C:\Users\lukas\RiderProjects\MovieAPI\MovieAPI
2025-10-24 19:58:57.728 +02:00 [INF] Now listening on: http://localhost:5165
2025-10-24 19:58:57.758 +02:00 [INF] Application started. Press Ctrl+C to shut down.
2025-10-24 19:58:57.760 +02:00 [INF] Hosting environment: Development
2025-10-24 19:58:57.761 +02:00 [INF] Content root path: C:\Users\lukas\RiderProjects\MovieAPI\MovieAPI
2025-10-24 19:58:58.639 +02:00 [INF] Request starting HTTP/1.1 GET http://localhost:5165/swagger/index.html - null null
2025-10-24 19:58:58.803 +02:00 [INF] Request finished HTTP/1.1 GET http://localhost:5165/swagger/index.html - 200 null text/html;charset=utf-8 164.8939ms
2025-10-24 19:58:59.243 +02:00 [INF] Request starting HTTP/1.1 GET http://localhost:5165/swagger/v1/swagger.json - null null
2025-10-24 19:58:59.370 +02:00 [INF] Request finished HTTP/1.1 GET http://localhost:5165/swagger/v1/swagger.json - 200 null application/json;charset=utf-8 127.6146ms
2025-10-24 19:59:12.884 +02:00 [INF] Request starting HTTP/1.1 GET http://localhost:5165/api/v1/films/1 - null null
2025-10-24 19:59:12.907 +02:00 [WRN] Failed to determine the https port for redirect.
2025-10-24 19:59:12.910 +02:00 [INF] Executing endpoint 'MovieAPI.Controller.MovieController.GetMovie (MovieAPI)'
2025-10-24 19:59:12.935 +02:00 [INF] Route matched with {action = "GetMovie", controller = "Movie"}. Executing controller action with signature System.Threading.Tasks.Task`1[Microsoft.AspNetCore.Mvc.ActionResult`1[MovieAPI.DTOs.Response.MovieDToResponse]] GetMovie(Int32) on controller MovieAPI.Controller.MovieController (MovieAPI).
2025-10-24 19:59:13.257 +02:00 [INF] Executing action method MovieAPI.Controller.MovieController.GetMovie (MovieAPI) - Validation state: "Valid"
2025-10-24 19:59:14.393 +02:00 [INF] Executed DbCommand (36ms) [Parameters=[@__id_0='?' (DbType = Int32)], CommandType='"Text"', CommandTimeout='30']
SELECT `m`.`Id`, `m`.`Title`, `m`.`Rating`, `m`.`Genre`, `m`.`PosterUrl`
FROM `Movies` AS `m`
WHERE `m`.`Id` = @__id_0
LIMIT 1
2025-10-24 19:59:14.436 +02:00 [INF] MovieId '1' retrieved successfully
2025-10-24 19:59:14.442 +02:00 [INF] Executed action method MovieAPI.Controller.MovieController.GetMovie (MovieAPI), returned result Microsoft.AspNetCore.Mvc.OkObjectResult in 1178.6855ms.
2025-10-24 19:59:14.454 +02:00 [INF] Executing OkObjectResult, writing value of type 'MovieAPI.DTOs.Response.MovieDToResponse'.
2025-10-24 19:59:14.501 +02:00 [INF] Executed action MovieAPI.Controller.MovieController.GetMovie (MovieAPI) in 1559.2476ms
2025-10-24 19:59:14.504 +02:00 [INF] Executed endpoint 'MovieAPI.Controller.MovieController.GetMovie (MovieAPI)'
2025-10-24 19:59:14.520 +02:00 [INF] Request finished HTTP/1.1 GET http://localhost:5165/api/v1/films/1 - 200 null application/json; charset=utf-8 1636.4132ms
2025-10-24 19:59:26.647 +02:00 [INF] Request starting HTTP/1.1 GET http://localhost:5165/api/v1/films/1 - null null
2025-10-24 19:59:26.651 +02:00 [INF] Executing endpoint 'MovieAPI.Controller.MovieController.GetMovie (MovieAPI)'
2025-10-24 19:59:26.653 +02:00 [INF] Route matched with {action = "GetMovie", controller = "Movie"}. Executing controller action with signature System.Threading.Tasks.Task`1[Microsoft.AspNetCore.Mvc.ActionResult`1[MovieAPI.DTOs.Response.MovieDToResponse]] GetMovie(Int32) on controller MovieAPI.Controller.MovieController (MovieAPI).
2025-10-24 19:59:26.656 +02:00 [INF] Executing action method MovieAPI.Controller.MovieController.GetMovie (MovieAPI) - Validation state: "Valid"
2025-10-24 19:59:26.658 +02:00 [INF] Returning cached movie for MovieId '1'
2025-10-24 19:59:26.659 +02:00 [INF] Executed action method MovieAPI.Controller.MovieController.GetMovie (MovieAPI), returned result Microsoft.AspNetCore.Mvc.OkObjectResult in 1.6832ms.
2025-10-24 19:59:26.662 +02:00 [INF] Executing OkObjectResult, writing value of type 'MovieAPI.DTOs.Response.MovieDToResponse'.
2025-10-24 19:59:26.664 +02:00 [INF] Executed action MovieAPI.Controller.MovieController.GetMovie (MovieAPI) in 8.9969ms
2025-10-24 19:59:26.665 +02:00 [INF] Executed endpoint 'MovieAPI.Controller.MovieController.GetMovie (MovieAPI)'
2025-10-24 19:59:26.667 +02:00 [INF] Request finished HTTP/1.1 GET http://localhost:5165/api/v1/films/1 - 200 null application/json; charset=utf-8 19.6579ms
2025-10-24 20:23:04.073 +02:00 [INF] Application is shutting down...
