2025-10-26 15:47:52.113 +01:00 [INF] Now listening on: http://localhost:5165
2025-10-26 15:47:52.133 +01:00 [INF] Application started. Press Ctrl+C to shut down.
2025-10-26 15:47:52.134 +01:00 [INF] Hosting environment: Development
2025-10-26 15:47:52.134 +01:00 [INF] Content root path: C:\Users\lukas\RiderProjects\MovieAPI\MovieAPI
2025-10-26 15:47:53.448 +01:00 [INF] Request starting HTTP/1.1 GET http://localhost:5165/ - null null
2025-10-26 15:47:53.471 +01:00 [WRN] Failed to determine the https port for redirect.
2025-10-26 15:47:53.478 +01:00 [INF] Request finished HTTP/1.1 GET http://localhost:5165/ - 404 0 null 30.959ms
2025-10-26 15:47:53.484 +01:00 [INF] Request reached the end of the middleware pipeline without being handled by application code. Request path: GET http://localhost:5165/, Response status code: 404
2025-10-26 15:47:56.747 +01:00 [INF] Request starting HTTP/1.1 GET http://localhost:5165/swagger - null null
2025-10-26 15:47:56.754 +01:00 [INF] Request finished HTTP/1.1 GET http://localhost:5165/swagger - 301 0 null 6.3597ms
2025-10-26 15:47:56.762 +01:00 [INF] Request starting HTTP/1.1 GET http://localhost:5165/swagger/index.html - null null
2025-10-26 15:47:56.812 +01:00 [INF] Request finished HTTP/1.1 GET http://localhost:5165/swagger/index.html - 200 null text/html;charset=utf-8 50.5697ms
2025-10-26 15:47:56.981 +01:00 [INF] Request starting HTTP/1.1 GET http://localhost:5165/swagger/swagger-ui.css - null null
2025-10-26 15:47:56.983 +01:00 [INF] Request starting HTTP/1.1 GET http://localhost:5165/swagger/swagger-ui-bundle.js - null null
2025-10-26 15:47:56.983 +01:00 [INF] Request starting HTTP/1.1 GET http://localhost:5165/swagger/swagger-ui-standalone-preset.js - null null
2025-10-26 15:47:56.997 +01:00 [INF] Sending file. Request path: '/swagger-ui.css'. Physical path: 'N/A'
2025-10-26 15:47:56.997 +01:00 [INF] Sending file. Request path: '/swagger-ui-standalone-preset.js'. Physical path: 'N/A'
2025-10-26 15:47:57.000 +01:00 [INF] Request finished HTTP/1.1 GET http://localhost:5165/swagger/swagger-ui.css - 200 152034 text/css 18.333ms
2025-10-26 15:47:57.000 +01:00 [INF] Request finished HTTP/1.1 GET http://localhost:5165/swagger/swagger-ui-standalone-preset.js - 200 230280 text/javascript 17.0442ms
2025-10-26 15:47:57.005 +01:00 [INF] Sending file. Request path: '/swagger-ui-bundle.js'. Physical path: 'N/A'
2025-10-26 15:47:57.006 +01:00 [INF] Request finished HTTP/1.1 GET http://localhost:5165/swagger/swagger-ui-bundle.js - 200 1456926 text/javascript 23.4746ms
2025-10-26 15:47:57.116 +01:00 [INF] Request starting HTTP/1.1 GET http://localhost:5165/swagger/v1/swagger.json - null null
2025-10-26 15:47:57.186 +01:00 [INF] Request finished HTTP/1.1 GET http://localhost:5165/swagger/v1/swagger.json - 200 null application/json;charset=utf-8 70.3344ms
2025-10-26 15:48:15.733 +01:00 [INF] Request starting HTTP/1.1 GET http://localhost:5165/api/v1/films/1 - null null
2025-10-26 15:48:15.736 +01:00 [INF] Executing endpoint 'MovieAPI.Controller.MovieController.GetMovie (MovieAPI)'
2025-10-26 15:48:15.755 +01:00 [INF] Route matched with {action = "GetMovie", controller = "Movie"}. Executing controller action with signature System.Threading.Tasks.Task`1[Microsoft.AspNetCore.Mvc.ActionResult`1[MovieAPI.DTOs.Response.MovieDToResponse]] GetMovie(Int32) on controller MovieAPI.Controller.MovieController (MovieAPI).
2025-10-26 15:48:16.706 +01:00 [INF] Executed DbCommand (60ms) [Parameters=[@__id_0='?' (DbType = Int32)], CommandType='"Text"', CommandTimeout='30']
SELECT `m`.`Id`, `m`.`Title`, `m`.`Rating`, `m`.`Genre`, `m`.`PosterUrl`
FROM `Movies` AS `m`
WHERE `m`.`Id` = @__id_0
LIMIT 1
2025-10-26 15:48:16.722 +01:00 [INF] MovieId '1' retrieved successfully
2025-10-26 15:48:16.726 +01:00 [INF] Executing OkObjectResult, writing value of type 'MovieAPI.DTOs.Response.MovieDToResponse'.
2025-10-26 15:48:16.743 +01:00 [INF] Executed action MovieAPI.Controller.MovieController.GetMovie (MovieAPI) in 985.2091ms
2025-10-26 15:48:16.744 +01:00 [INF] Executed endpoint 'MovieAPI.Controller.MovieController.GetMovie (MovieAPI)'
2025-10-26 15:48:16.748 +01:00 [INF] Request finished HTTP/1.1 GET http://localhost:5165/api/v1/films/1 - 200 null application/json; charset=utf-8 1015.1868ms
2025-10-26 15:48:33.434 +01:00 [INF] Request starting HTTP/1.1 GET http://localhost:5165/api/v1/films/1 - null null
2025-10-26 15:48:33.436 +01:00 [INF] Executing endpoint 'MovieAPI.Controller.MovieController.GetMovie (MovieAPI)'
2025-10-26 15:48:33.437 +01:00 [INF] Route matched with {action = "GetMovie", controller = "Movie"}. Executing controller action with signature System.Threading.Tasks.Task`1[Microsoft.AspNetCore.Mvc.ActionResult`1[MovieAPI.DTOs.Response.MovieDToResponse]] GetMovie(Int32) on controller MovieAPI.Controller.MovieController (MovieAPI).
2025-10-26 15:48:33.439 +01:00 [INF] Returning cached movie for MovieId '1'
2025-10-26 15:48:33.440 +01:00 [INF] Executing OkObjectResult, writing value of type 'MovieAPI.DTOs.Response.MovieDToResponse'.
2025-10-26 15:48:33.441 +01:00 [INF] Executed action MovieAPI.Controller.MovieController.GetMovie (MovieAPI) in 3.1269ms
2025-10-26 15:48:33.442 +01:00 [INF] Executed endpoint 'MovieAPI.Controller.MovieController.GetMovie (MovieAPI)'
2025-10-26 15:48:33.443 +01:00 [INF] Request finished HTTP/1.1 GET http://localhost:5165/api/v1/films/1 - 200 null application/json; charset=utf-8 9.1361ms
2025-10-26 22:09:31.530 +01:00 [INF] Now listening on: http://localhost:5165
2025-10-26 22:09:31.550 +01:00 [INF] Application started. Press Ctrl+C to shut down.
2025-10-26 22:09:31.551 +01:00 [INF] Hosting environment: Development
2025-10-26 22:09:31.551 +01:00 [INF] Content root path: C:\Users\lukas\RiderProjects\MovieAPI\MovieAPI
2025-10-26 22:12:14.811 +01:00 [INF] Request starting HTTP/1.1 GET http://localhost:5165/ - null null
2025-10-26 22:12:14.833 +01:00 [WRN] Failed to determine the https port for redirect.
2025-10-26 22:12:14.836 +01:00 [INF] Request finished HTTP/1.1 GET http://localhost:5165/ - 404 0 null 25.6506ms
2025-10-26 22:12:14.842 +01:00 [INF] Request reached the end of the middleware pipeline without being handled by application code. Request path: GET http://localhost:5165/, Response status code: 404
2025-10-26 22:12:19.024 +01:00 [INF] Request starting HTTP/1.1 GET http://localhost:5165/swagger - null null
2025-10-26 22:12:19.029 +01:00 [INF] Request finished HTTP/1.1 GET http://localhost:5165/swagger - 301 0 null 5.544ms
2025-10-26 22:12:19.037 +01:00 [INF] Request starting HTTP/1.1 GET http://localhost:5165/swagger/index.html - null null
2025-10-26 22:12:19.080 +01:00 [INF] Request finished HTTP/1.1 GET http://localhost:5165/swagger/index.html - 200 null text/html;charset=utf-8 42.4804ms
2025-10-26 22:12:19.227 +01:00 [INF] Request starting HTTP/1.1 GET http://localhost:5165/swagger/swagger-ui.css - null null
2025-10-26 22:12:19.227 +01:00 [INF] Request starting HTTP/1.1 GET http://localhost:5165/swagger/swagger-ui-bundle.js - null null
2025-10-26 22:12:19.227 +01:00 [INF] Request starting HTTP/1.1 GET http://localhost:5165/swagger/swagger-ui-standalone-preset.js - null null
2025-10-26 22:12:19.240 +01:00 [INF] Sending file. Request path: '/swagger-ui.css'. Physical path: 'N/A'
2025-10-26 22:12:19.241 +01:00 [INF] Sending file. Request path: '/swagger-ui-standalone-preset.js'. Physical path: 'N/A'
2025-10-26 22:12:19.243 +01:00 [INF] Request finished HTTP/1.1 GET http://localhost:5165/swagger/swagger-ui.css - 200 152034 text/css 16.0022ms
2025-10-26 22:12:19.243 +01:00 [INF] Request finished HTTP/1.1 GET http://localhost:5165/swagger/swagger-ui-standalone-preset.js - 200 230280 text/javascript 15.9801ms
2025-10-26 22:12:19.247 +01:00 [INF] Sending file. Request path: '/swagger-ui-bundle.js'. Physical path: 'N/A'
2025-10-26 22:12:19.249 +01:00 [INF] Request finished HTTP/1.1 GET http://localhost:5165/swagger/swagger-ui-bundle.js - 200 1456926 text/javascript 21.8273ms
2025-10-26 22:12:19.358 +01:00 [INF] Request starting HTTP/1.1 GET http://localhost:5165/swagger/v1/swagger.json - null null
2025-10-26 22:12:19.419 +01:00 [INF] Request finished HTTP/1.1 GET http://localhost:5165/swagger/v1/swagger.json - 200 null application/json;charset=utf-8 60.9056ms
2025-10-26 22:14:22.243 +01:00 [INF] Request starting HTTP/1.1 GET http://localhost:5165/api/v1/films/1 - null null
2025-10-26 22:14:22.246 +01:00 [INF] Executing endpoint 'MovieAPI.Controller.MovieController.GetMovie (MovieAPI)'
2025-10-26 22:14:22.260 +01:00 [INF] Route matched with {action = "GetMovie", controller = "Movie"}. Executing controller action with signature System.Threading.Tasks.Task`1[Microsoft.AspNetCore.Mvc.ActionResult`1[MovieAPI.DTOs.Response.MovieDToResponse]] GetMovie(Int32) on controller MovieAPI.Controller.MovieController (MovieAPI).
2025-10-26 22:14:22.815 +01:00 [INF] Executed DbCommand (19ms) [Parameters=[@__id_0='?' (DbType = Int32)], CommandType='"Text"', CommandTimeout='30']
SELECT `m`.`Id`, `m`.`Title`, `m`.`Rating`, `m`.`Genre`, `m`.`PosterUrl`
FROM `Movies` AS `m`
WHERE `m`.`Id` = @__id_0
LIMIT 1
2025-10-26 22:14:22.832 +01:00 [INF] MovieId '1' retrieved successfully
2025-10-26 22:14:22.834 +01:00 [INF] Executing OkObjectResult, writing value of type 'MovieAPI.DTOs.Response.MovieDToResponse'.
2025-10-26 22:14:22.848 +01:00 [INF] Executed action MovieAPI.Controller.MovieController.GetMovie (MovieAPI) in 585.4462ms
2025-10-26 22:14:22.849 +01:00 [INF] Executed endpoint 'MovieAPI.Controller.MovieController.GetMovie (MovieAPI)'
2025-10-26 22:14:22.853 +01:00 [INF] Request finished HTTP/1.1 GET http://localhost:5165/api/v1/films/1 - 200 null application/json; charset=utf-8 610.6731ms
2025-10-26 22:14:39.126 +01:00 [INF] Request starting HTTP/1.1 GET http://localhost:5165/api/v1/films/1 - null null
2025-10-26 22:14:39.128 +01:00 [INF] Executing endpoint 'MovieAPI.Controller.MovieController.GetMovie (MovieAPI)'
2025-10-26 22:14:39.129 +01:00 [INF] Route matched with {action = "GetMovie", controller = "Movie"}. Executing controller action with signature System.Threading.Tasks.Task`1[Microsoft.AspNetCore.Mvc.ActionResult`1[MovieAPI.DTOs.Response.MovieDToResponse]] GetMovie(Int32) on controller MovieAPI.Controller.MovieController (MovieAPI).
2025-10-26 22:14:39.131 +01:00 [INF] Returning cached movie for MovieId '1'
2025-10-26 22:14:39.132 +01:00 [INF] Executing OkObjectResult, writing value of type 'MovieAPI.DTOs.Response.MovieDToResponse'.
2025-10-26 22:14:39.133 +01:00 [INF] Executed action MovieAPI.Controller.MovieController.GetMovie (MovieAPI) in 2.862ms
2025-10-26 22:14:39.134 +01:00 [INF] Executed endpoint 'MovieAPI.Controller.MovieController.GetMovie (MovieAPI)'
2025-10-26 22:14:39.135 +01:00 [INF] Request finished HTTP/1.1 GET http://localhost:5165/api/v1/films/1 - 200 null application/json; charset=utf-8 8.5605ms
2025-10-26 22:17:28.729 +01:00 [INF] Request starting HTTP/1.1 PATCH http://localhost:5165/api/v1/films/1 - application/json 183
2025-10-26 22:17:28.731 +01:00 [INF] Executing endpoint 'MovieAPI.Controller.MovieController.UpdateMovie (MovieAPI)'
2025-10-26 22:17:28.735 +01:00 [INF] Route matched with {action = "UpdateMovie", controller = "Movie"}. Executing controller action with signature System.Threading.Tasks.Task`1[Microsoft.AspNetCore.Mvc.IActionResult] UpdateMovie(Int32, MovieAPI.DTOs.Requests.MovieDToPatch) on controller MovieAPI.Controller.MovieController (MovieAPI).
2025-10-26 22:17:28.854 +01:00 [INF] Executed DbCommand (3ms) [Parameters=[@__id_0='?' (DbType = Int32)], CommandType='"Text"', CommandTimeout='30']
SELECT `m0`.`Id`, `m0`.`CreatedAt`, `m0`.`Description`, `m0`.`Director`, `m0`.`Genre`, `m0`.`PosterUrl`, `m0`.`Rating`, `m0`.`RuntimeMinutes`, `m0`.`Title`, `m0`.`UpdatedAt`, `m0`.`Year`, `s`.`AuditoriumsId`, `s`.`MoviesId`, `s`.`Id`, `s`.`AuditoriumName`
FROM (
    SELECT `m`.`Id`, `m`.`CreatedAt`, `m`.`Description`, `m`.`Director`, `m`.`Genre`, `m`.`PosterUrl`, `m`.`Rating`, `m`.`RuntimeMinutes`, `m`.`Title`, `m`.`UpdatedAt`, `m`.`Year`
    FROM `Movies` AS `m`
    WHERE `m`.`Id` = @__id_0
    LIMIT 1
) AS `m0`
LEFT JOIN (
    SELECT `a`.`AuditoriumsId`, `a`.`MoviesId`, `a0`.`Id`, `a0`.`AuditoriumName`
    FROM `AuditoriumMovie` AS `a`
    INNER JOIN `Auditoriums` AS `a0` ON `a`.`AuditoriumsId` = `a0`.`Id`
) AS `s` ON `m0`.`Id` = `s`.`MoviesId`
ORDER BY `m0`.`Id`, `s`.`AuditoriumsId`, `s`.`MoviesId`
2025-10-26 22:17:28.934 +01:00 [INF] Executed DbCommand (5ms) [Parameters=[@p2='?' (DbType = Int32), @p0='?' (Size = 255), @p1='?' (DbType = DateTime)], CommandType='"Text"', CommandTimeout='30']
SET AUTOCOMMIT = 1;
UPDATE `Movies` SET `Title` = @p0, `UpdatedAt` = @p1
WHERE `Id` = @p2;
SELECT ROW_COUNT();
2025-10-26 22:17:28.940 +01:00 [INF] MovieId '1' updated successfully
2025-10-26 22:17:28.943 +01:00 [INF] Executing StatusCodeResult, setting HTTP status code 204
2025-10-26 22:17:28.943 +01:00 [INF] Executed action MovieAPI.Controller.MovieController.UpdateMovie (MovieAPI) in 207.8234ms
2025-10-26 22:17:28.944 +01:00 [INF] Executed endpoint 'MovieAPI.Controller.MovieController.UpdateMovie (MovieAPI)'
2025-10-26 22:17:28.945 +01:00 [INF] Request finished HTTP/1.1 PATCH http://localhost:5165/api/v1/films/1 - 204 null null 216.2782ms
2025-10-26 22:17:58.015 +01:00 [INF] Request starting HTTP/1.1 GET http://localhost:5165/api/v1/films/1 - null null
2025-10-26 22:17:58.017 +01:00 [INF] Executing endpoint 'MovieAPI.Controller.MovieController.GetMovie (MovieAPI)'
2025-10-26 22:17:58.018 +01:00 [INF] Route matched with {action = "GetMovie", controller = "Movie"}. Executing controller action with signature System.Threading.Tasks.Task`1[Microsoft.AspNetCore.Mvc.ActionResult`1[MovieAPI.DTOs.Response.MovieDToResponse]] GetMovie(Int32) on controller MovieAPI.Controller.MovieController (MovieAPI).
2025-10-26 22:17:58.042 +01:00 [INF] Executed DbCommand (0ms) [Parameters=[@__id_0='?' (DbType = Int32)], CommandType='"Text"', CommandTimeout='30']
SELECT `m`.`Id`, `m`.`Title`, `m`.`Rating`, `m`.`Genre`, `m`.`PosterUrl`
FROM `Movies` AS `m`
WHERE `m`.`Id` = @__id_0
LIMIT 1
2025-10-26 22:17:58.044 +01:00 [INF] MovieId '1' retrieved successfully
2025-10-26 22:17:58.044 +01:00 [INF] Executing OkObjectResult, writing value of type 'MovieAPI.DTOs.Response.MovieDToResponse'.
2025-10-26 22:17:58.045 +01:00 [INF] Executed action MovieAPI.Controller.MovieController.GetMovie (MovieAPI) in 26.6395ms
2025-10-26 22:17:58.046 +01:00 [INF] Executed endpoint 'MovieAPI.Controller.MovieController.GetMovie (MovieAPI)'
2025-10-26 22:17:58.047 +01:00 [INF] Request finished HTTP/1.1 GET http://localhost:5165/api/v1/films/1 - 200 null application/json; charset=utf-8 32.0184ms
